<?xml version="1.0" encoding="UTF-8"?>
<testng-results ignored="0" total="1" passed="1" failed="0" skipped="0">
  <reporter-output>
  </reporter-output>
  <suite started-at="2021-06-03T12:42:56 AEST" name="Default suite" finished-at="2021-06-03T12:43:30 AEST" duration-ms="34463">
    <groups>
    </groups>
    <test started-at="2021-06-03T12:42:56 AEST" name="Default test" finished-at="2021-06-03T12:43:30 AEST" duration-ms="34463">
      <class name="com.test.automation.tests.test">
        <test-method signature="loginAndLandOnStopWordsPage(java.lang.String,java.lang.String,java.lang.String)[pri:0, instance:com.test.automation.tests.test@1c504e66]" started-at="2021-06-03T12:42:56 AEST" name="loginAndLandOnStopWordsPage" description="Testing different personas" data-provider="personas" finished-at="2021-06-03T12:43:30 AEST" duration-ms="34147" status="PASS">
          <params>
            <param index="0">
              <value>
                <![CDATA[sw_only]]>
              </value>
            </param>
            <param index="1">
              <value>
                <![CDATA[Sw@2021]]>
              </value>
            </param>
            <param index="2">
              <value>
                <![CDATA[user]]>
              </value>
            </param>
          </params>
          <reporter-output>
          </reporter-output>
        </test-method> <!-- loginAndLandOnStopWordsPage -->
      </class> <!-- com.test.automation.tests.test -->
    </test> <!-- Default test -->
  </suite> <!-- Default suite -->
</testng-results>
